<?xml version="1.0" encoding="UTF-8"?>
<!-- Generated by org.testng.reporters.JUnitReportReporter -->
<testsuite hostname="SHIVAREDDY" failures="0" tests="1" name="TestPackage1.Test1" time="7.892" errors="0" timestamp="2023-04-26T22:55:05 IST" skipped="0">
  <testcase classname="TestPackage1.Test1" name="tc1" time="7.892"/>
  <system-out/>
</testsuite> <!-- TestPackage1.Test1 -->
