<?xml version="1.0" encoding="UTF-8"?>
<!-- Generated by org.testng.reporters.JUnitReportReporter -->
<testsuite hostname="SHIVAREDDY" failures="0" tests="1" name="TestPackage1.Test1" time="8.239" errors="0" timestamp="2023-04-26T23:01:44 IST" skipped="0">
  <testcase classname="TestPackage1.Test1" name="tc1" time="8.239"/>
  <system-out/>
</testsuite> <!-- TestPackage1.Test1 -->
